  pH           7
NTR+F0002_  0.00
LYS+F0003_  1.00
GLU-F0005_ -1.00
ARG+F0007_  1.00
GLU-F0009_ -1.00
HIS+F0018_  0.25
HIS+F0019_  0.00
HIS+F0023_  1.00
ARG+F0027_  1.00
ASP-F0033_ -0.99
GLU-F0035_ -1.00
ASP-F0036_ -1.00
ASP-F0039_ -1.00
CYS-F0040_ -0.00
GLU-F0041_ -1.00
TYR-F0046_ -0.00
HIS+F0048_  0.96
ARG+F0049_  1.00
GLU-F0052_ -1.00
LYS+F0053_  1.00
GLU-F0056_ -1.00
ARG+F0058_  1.00
TYR-F0066_ -0.01
ARG+F0069_  1.00
ASP-F0071_ -1.00
TYR-F0072_ -0.00
GLU-F0079_ -1.00
GLU-F0087_ -1.00
LYS+F0088_  1.00
LYS+F0096_  1.00
ARG+F0097_  1.00
TYR-F0100_ -0.00
ARG+F0102_  1.00
GLU-F0107_ -1.00
ARG+F0110_  1.00
HIS+F0114_  0.00
ASP-F0124_ -1.00
TYR-F0133_ -0.00
ARG+F0136_  1.00
GLU-F0137_ -1.00
ARG+F0138_  1.00
GLU-F0139_ -0.99
TYR-F0140_ -0.00
TYR-F0142_ -0.00
ASP-F0143_ -1.00
GLU-F0146_ -1.00
ARG+F0152_  1.00
TYR-F0158_ -0.00
ARG+F0160_  1.00
ASP-F0167_ -1.00
TYR-F0170_ -0.00
LYS+F0175_  1.00
CYS-F0176_ -0.00
ARG+F0177_  1.00
ASP-F0178_ -1.00
CYS-F0180_ -0.00
ASP-F0181_ -1.00
TYR-F0182_ -0.00
LYS+F0186_  1.00
ASP-F0188_ -1.00
GLU-F0189_ -1.00
TYR-F0190_ -0.00
GLU-F0191_ -1.00
ARG+F0192_  1.00
ARG+F0202_  1.00
ARG+F0203_  1.00
LYS+F0209_  1.00
ARG+F0212_  1.00
GLU-F0213_ -1.00
GLU-F0214_ -1.00
ARG+F0226_  1.00
LYS+F0231_  1.00
ASP-F0233_ -1.00
ARG+F0235_  1.00
LYS+F0236_  1.00
ASP-F0238_ -1.00
HIS+F0239_  0.99
TYR-F0240_ -0.00
GLU-F0241_ -1.00
CYS-F0242_ -0.00
TYR-F0243_ -0.00
ASP-F0244_ -1.00
ASP-F0245_ -0.99
ASP-F0247_ -1.00
ASP-F0249_ -1.00
GLU-F0255_ -1.00
ASP-F0257_ -1.00
CYS-F0258_ -0.00
ARG+F0261_  1.00
TYR-F0262_ -0.00
ARG+F0265_  1.00
GLU-F0268_ -1.00
ARG+F0270_  1.00
GLU-F0271_ -1.00
LYS+F0274_  1.00
ARG+F0277_  1.00
ASP-F0281_ -1.00
TYR-F0288_ -0.00
GLU-F0289_ -1.00
GLU-F0292_ -1.00
LYS+F0294_  1.00
ARG+F0295_  1.00
GLU-F0298_ -1.00
LYS+F0301_  1.00
GLU-F0303_ -1.00
ASP-F0308_ -1.00
TYR-F0309_ -0.00
TYR-F0311_ -0.00
LYS+F0314_  1.00
LYS+F0315_  1.00
LYS+F0321_  1.00
LYS+F0324_  1.00
GLU-F0326_ -1.00
HIS+F0327_  0.03
TYR-F0328_ -0.00
ARG+F0330_  1.00
GLU-F0332_ -1.00
LYS+F0335_  1.00
GLU-F0337_ -1.00
TYR-F0341_ -0.00
ASP-F0345_ -1.00
ASP-F0346_ -1.00
ARG+F0352_  1.00
LYS+F0354_  1.00
ARG+F0356_  1.00
ASP-F0359_ -1.00
LYS+F0371_  1.00
LYS+F0374_  1.00
ASP-F0377_ -1.00
ASP-F0386_ -1.00
ASP-F0393_ -1.00
ARG+F0394_  1.00
CTR-F0394_ -1.00
NTR+I0001_  0.00
GLU-I0006_ -1.00
TYR-I0013_ -0.00
TYR-I0020_ -0.00
TYR-I0029_ -0.00
TYR-I0031_ -0.00
ARG+I0035_  1.00
TYR-I0037_ -0.00
GLU-I0043_ -1.00
ARG+I0044_  1.00
TYR-I0048_ -0.00
ARG+I0068_  1.00
ARG+I0072_  1.00
CTR-I0076_ -1.00
NTR+N0005_  0.98
ASP-N0006_ -1.00
HIS+N0022_  0.77
ASP-N0023_ -1.00
LYS+N0026_  1.00
GLU-N0052_ -1.00
ARG+N0053_  1.00
LYS+N0054_  0.87
ARG+N0062_  1.00
GLU-N0066_ -1.00
TYR-N0067_ -0.00
ASP-N0079_ -1.00
LYS+N0082_  1.00
LYS+N0086_  1.00
GLU-N0087_ -1.00
ASP-N0088_ -1.00
ASP-N0095_ -1.00
ARG+N0096_  1.00
TYR-N0114_ -0.00
TYR-N0151_ -0.00
LYS+N0156_  1.00
TYR-N0157_ -0.00
ARG+N0164_  1.00
TYR-N0172_ -0.00
GLU-N0173_ -0.10
GLU-N0194_ -0.28
GLU-N0197_ -0.98
TYR-N0202_ -0.00
ARG+N0211_  1.00
GLU-N0226_ -0.89
CYS-N0227_ -0.00
GLU-N0228_ -1.00
ARG+N0229_  1.00
ASP-N0233_ -1.00
GLU-N0236_ -1.00
GLU-N0238_ -1.00
GLU-N0239_ -1.00
GLU-N0240_ -1.00
TYR-N0245_ -0.00
GLU-N0248_ -1.00
TYR-N0249_ -0.00
LYS+N0253_  1.00
TYR-N0258_ -0.00
TYR-N0262_ -0.00
TYR-N0276_ -0.00
GLU-N0287_ -1.00
GLU-N0297_ -1.00
LYS+N0317_  1.00
TYR-N0319_ -0.00
ARG+N0329_  1.00
ARG+N0334_  1.00
ARG+N0336_  1.00
ASP-N0338_ -1.00
ASP-N0342_ -1.00
LYS+N0346_  1.00
LYS+N0363_  1.00
CTR-N0372_ -1.00
NTR+O0013_  0.92
TYR-O0019_ -0.00
GLU-O0020_ -0.98
TYR-O0021_ -0.00
CYS-O0029_ -0.00
ARG+O0044_  1.00
LYS+O0046_  0.99
ARG+O0049_  1.00
ARG+O0052_  1.00
TYR-O0056_ -0.00
GLU-O0057_ -1.00
GLU-O0061_ -1.00
ARG+O0073_  1.00
TYR-O0074_ -0.00
TYR-O0075_ -0.00
ASP-O0085_ -0.97
GLU-O0087_ -0.00
TYR-O0092_ -0.00
HIS+O0099_  0.00
GLU-O0108_ -0.26
TYR-O0122_ -0.00
ARG+O0125_  1.00
LYS+O0126_  0.97
CTR-O0126_ -1.00
NTR+P0001_  0.98
ASP-P0002_ -1.00
ASP-P0030_ -1.00
TYR-P0034_ -0.00
TYR-P0050_ -0.00
ASP-P0056_ -1.00
TYR-P0066_ -0.00
LYS+P0083_  1.00
ARG+P0084_  1.00
GLU-P0085_ -1.00
TYR-P0087_ -0.00
ARG+P0093_  1.00
ARG+P0096_  1.00
LYS+P0113_  0.00
ASP-P0130_ -0.92
HIS+P0138_  0.79
ASP-P0142_ -1.00
GLU-P0148_ -0.01
ARG+P0166_  1.00
ARG+P0167_  1.00
GLU-P0168_ -1.00
CTR-P0168_ -1.00
NTR+Q0001_  0.07
TYR-Q0005_ -0.00
CYS-Q0015_ -0.00
TYR-Q0019_ -0.00
ARG+Q0025_  1.00
ARG+Q0029_  1.00
GLU-Q0035_ -1.00
TYR-Q0051_ -0.00
ASP-Q0053_ -1.00
LYS+Q0058_  1.00
GLU-Q0073_ -0.00
TYR-Q0085_ -0.00
ARG+Q0086_  1.00
ARG+Q0088_  1.00
ASP-Q0089_ -1.00
ASP-Q0092_ -1.00
GLU-Q0094_ -1.00
LYS+Q0095_  1.00
LYS+Q0100_  1.00
CTR-Q0100_ -1.00
----------
Net_Charge  0.23
Protons     0.23
Electrons   0.00
