iConf CONFORMER     FL  occ    crg   Em0  pKa0 ne nH    vdw0    vdw1    tors    epol   dsolv   extra    history
00001 NTR01A0001_001 f 0.00  0.000     0  0.00  0  0  -0.002  -0.397   2.800   0.005  -0.000   0.000 01O000M000 t
00002 NTR+1A0001_002 f 0.00  1.000     0  8.00  0  1  -0.004  -0.462   0.000   0.709   5.465  -1.300 +1O000M000 t
00003 LYS01A0001_001 f 0.00  0.000     0  0.00  0  0   3.837  -2.402   0.997   0.285   1.363   0.000 01O000M000 t
00004 LYS01A0001_002 f 0.00  0.000     0  0.00  0  0   0.771  -3.166   1.010   0.002   0.023   0.000 01O001M000 t
00005 LYS01A0001_003 f 0.00  0.000     0  0.00  0  0   0.958  -3.364   1.578  -0.010   0.108   0.000 01O002M000 t
00006 LYS+1A0001_004 f 0.00  1.000     0 10.40  0  1   3.744  -2.457   0.997  -1.510   9.948   0.400 +1O000M000 t
00007 LYS+1A0001_005 f 0.00  1.000     0 10.40  0  1   0.725  -3.173   1.010   0.162   0.761   0.400 +1O001M000 t
00008 LYS+1A0001_006 f 0.00  1.000     0 10.40  0  1   0.888  -3.373   1.578   0.223   0.626   0.400 +1O002M000 t
00009 VAL01A0002_001 f 0.00  0.000     0  0.00  0  0   0.429  -0.974   0.020   0.000   0.000   0.000 01O000M000 t
00010 PHE01A0003_001 f 0.00  0.000     0  0.00  0  0   5.107  -6.692   1.062   0.000   0.000   0.000 01O000M000 t
00011 ARG01A0005_001 f 0.00  0.000     0  0.00  0  0   1.427  -5.436   1.566  -2.125   1.677   0.000 01O000M000 t
00012 ARG02A0005_002 f 0.00  0.000     0  0.00  0  0   1.400  -5.340   1.566  -0.705   2.805   0.000 02O000M000 t
00013 ARG02A0005_003 f 0.00  0.000     0  0.00  0  0   1.477  -5.335   1.566  -0.333   2.596   0.000 02O000M000 t
00014 ARG03A0005_004 f 0.00  0.000     0  0.00  0  0   1.398  -5.436   1.566  -2.102   2.543   0.000 03O000M000 t
00015 ARG+1A0005_005 f 0.00  1.000     0 12.50  0  1   1.353  -5.448   1.566  -3.045   2.969   0.000 +1O000M000 t
00016 CYD01A0006_001 f 0.00  0.000     0  0.00  0  0   0.000  -2.515   0.000   0.000   0.000   0.000 01O000M000 t
00017 GLU01A0007_001 f 0.00  0.000     0  0.00  0  0   1.242  -1.287   3.665   2.917   0.979   0.000 01O000M000 t
00018 GLU01A0007_002 f 0.00  0.000     0  0.00  0  0   1.242  -1.287   0.945  -0.473   0.903   0.000 01O000M000 t
00019 GLU02A0007_003 f 0.00  0.000     0  0.00  0  0   1.063  -2.046   3.665  -1.298   0.063   0.000 02O000M000 t
00020 GLU02A0007_004 f 0.00  0.000     0  0.00  0  0   1.063  -2.046   0.945  -1.229   1.204   0.000 02O000M000 t
00021 GLU-1A0007_005 f 0.00 -1.000     0  4.75  0 -1   0.964  -1.998   0.945  -2.973   1.911  -0.300 -1O000M000 t
00022 LEU01A0008_001 f 0.00  0.000     0  0.00  0  0   1.553  -3.400   0.499   0.000   0.000   0.000 01O000M000 t
00023 ALA01A0009_001 f 0.00  0.000     0  0.00  0  0   0.000  -1.843   0.000   0.000   0.000   0.000 01O000M000 t
00024 ALA01A0010_001 f 0.00  0.000     0  0.00  0  0   0.000  -1.878   0.000   0.000   0.000   0.000 01O000M000 t
00025 ALA01A0011_001 f 0.00  0.000     0  0.00  0  0   0.000  -1.533   0.000   0.000   0.000   0.000 01O000M000 t
00026 MET01A0012_001 f 0.00  0.000     0  0.00  0  0   0.084  -6.238   1.054  -0.009   0.097   0.000 01O000M000 t
00027 LYS01A0013_001 f 0.00  0.000     0  0.00  0  0   0.980  -3.432   1.886  -0.026   0.365   0.000 01O000M000 t
00028 LYS+1A0013_002 f 0.00  1.000     0 10.40  0  1   0.941  -3.445   1.886   0.237   1.192   0.400 +1O000M000 t
00029 ARG01A0014_001 f 0.00  0.000     0  0.00  0  0   2.262  -5.257   1.275   0.032   1.079   0.000 01O000M000 t
00030 ARG02A0014_002 f 0.00  0.000     0  0.00  0  0   2.317  -5.261   1.275   0.123   1.422   0.000 02O000M000 t
00031 ARG03A0014_003 f 0.00  0.000     0  0.00  0  0   2.215  -5.250   1.275   0.084   1.539   0.000 03O000M000 t
00032 ARG+1A0014_004 f 0.00  1.000     0 12.50  0  1   2.180  -5.279   1.275   0.157   0.876   0.000 +1O000M000 t
00033 HIS01A0015_001 f 0.00  0.000     0  0.00  0  0  -0.041  -4.001   0.258   1.050   2.270   0.000 01O000M000 t
00034 HIS02A0015_002 f 0.00  0.000     0  0.00  0  0  -0.057  -3.968   0.258  -1.333   2.459   0.000 02O000M000 t
00035 HIS+1A0015_003 f 0.00  1.000     0  6.98  0  1  -0.084  -4.004   0.258  -0.553   3.961  -1.000 +1O000M000 t
00036 LEU01A0017_001 f 0.00  0.000     0  0.00  0  0   1.861  -3.489   0.731   0.000   0.000   0.000 01O000M000 t
00037 ASP01A0018_001 f 0.00  0.000     0  0.00  0  0   0.151  -1.690   3.064   3.173   1.254   0.000 01O000M000 t
00038 ASP01A0018_002 f 0.00  0.000     0  0.00  0  0   0.151  -1.690   0.344  -0.158   0.713   0.000 01O000M000 t
00039 ASP02A0018_003 f 0.00  0.000     0  0.00  0  0   0.244  -2.191   3.064  -0.956   0.178   0.000 02O000M000 t
00040 ASP02A0018_004 f 0.00  0.000     0  0.00  0  0   0.244  -2.191   0.344  -0.885   1.211   0.000 02O000M000 t
00041 ASP-1A0018_005 f 0.00 -1.000     0  4.75  0 -1   0.148  -2.133   0.344  -3.586   1.774  -0.850 -1O000M000 t
00042 ASN01A0019_001 f 0.00  0.000     0  0.00  0  0   0.388   1.453   1.114  -0.226   0.389   0.000 01O000M000 t
00043 ASN01A0019_002 f 0.00  0.000     0  0.00  0  0   0.153   2.909   1.061   0.757   0.136   0.000 01R001M000 t
00044 TYR01A0020_001 f 0.00  0.000     0  0.00  0  0   5.470  -7.270   0.005   0.118   1.349   0.000 01O000M000 t
00045 TYR01A0020_002 f 0.00  0.000     0  0.00  0  0   5.470  -7.270   0.005  -0.884   1.907   0.000 01O000M000 t
00046 TYR-1A0020_003 f 0.00 -1.000     0 10.20  0 -1   5.470  -7.270   0.005   0.284   5.933  -0.500 -1O000M000 t
00047 ARG01A0021_001 f 0.00  0.000     0  0.00  0  0   2.025  -0.673   1.155   0.046   0.396   0.000 01O000M000 t
00048 ARG02A0021_002 f 0.00  0.000     0  0.00  0  0   2.000  -0.632   1.155   0.139   1.805   0.000 02O000M000 t
00049 ARG03A0021_003 f 0.00  0.000     0  0.00  0  0   1.992  -0.680   1.155   0.108   1.564   0.000 03O000M000 t
00050 ARG+1A0021_004 f 0.00  1.000     0 12.50  0  1   1.951  -0.694   1.155  -0.081   0.777   0.000 +1O000M000 t
00051 TYR01A0023_001 f 0.00  0.000     0  0.00  0  0   4.897  -7.110   0.119  -0.583   0.917   0.000 01O000M000 t
00052 TYR01A0023_002 f 0.00  0.000     0  0.00  0  0   4.897  -7.110   0.119  -0.455   0.892   0.000 01O000M000 t
00053 TYR-1A0023_003 f 0.00 -1.000     0 10.20  0 -1   4.897  -7.110   0.119  -2.132   3.603  -0.500 -1O000M000 t
00054 SER01A0024_001 f 0.00  0.000     0  0.00  0  0   0.000  -1.348   0.394  -0.354   0.682   0.000 01O000M000 t
00055 SER01A0024_002 f 0.00  0.000     0  0.00  0  0   0.000  -1.348   0.019  -0.878   0.326   0.000 01O000M000 t
00056 SER01A0024_003 f 0.00  0.000     0  0.00  0  0   0.000  -0.213   0.230  -0.503  -0.095   0.000 01O001M000 t
00057 LEU01A0025_001 f 0.00  0.000     0  0.00  0  0   1.947  -5.658   0.631   0.000   0.000   0.000 01O000M000 t
00058 ASN01A0027_001 f 0.00  0.000     0  0.00  0  0   0.573  -3.323   1.466   0.314   1.642   0.000 01O000M000 t
00059 ASN01A0027_002 f 0.00  0.000     0  0.00  0  0   0.414  -3.028   1.421   0.239   1.442   0.000 01R001M000 t
00060 TRP01A0028_001 f 0.00  0.000     0  0.00  0  0   3.014 -10.585   0.001   0.000   0.000   0.000 01O000M000 t
00061 VAL01A0029_001 f 0.00  0.000     0  0.00  0  0   0.696  -3.680   0.020   0.000   0.000   0.000 01O000M000 t
00062 CYD01A0030_001 f 0.00  0.000     0  0.00  0  0   0.000  -3.980   0.000   0.000   0.000   0.000 01O000M000 t
00063 ALA01A0031_001 f 0.00  0.000     0  0.00  0  0   0.000  -1.977   0.000   0.000   0.000   0.000 01O000M000 t
00064 ALA01A0032_001 f 0.00  0.000     0  0.00  0  0   0.000  -2.113   0.000   0.000   0.000   0.000 01O000M000 t
00065 LYS01A0033_001 f 0.00  0.000     0  0.00  0  0   0.689  -2.300   1.079  -0.056   0.246   0.000 01O000M000 t
00066 LYS+1A0033_002 f 0.00  1.000     0 10.40  0  1   0.641  -2.312   1.079   0.023   1.080   0.400 +1O000M000 t
00067 PHE01A0034_001 f 0.00  0.000     0  0.00  0  0   5.160  -5.069   0.112   0.000   0.000   0.000 01O000M000 t
00068 GLU01A0035_001 f 0.00  0.000     0  0.00  0  0   2.062  -6.408   3.293  -0.952   1.795   0.000 01O000M000 t
00069 GLU01A0035_002 f 0.00  0.000     0  0.00  0  0   2.062  -6.408   0.573  -1.307   1.375   0.000 01O000M000 t
00070 GLU02A0035_003 f 0.00  0.000     0  0.00  0  0   1.629  -6.500   3.293   1.400   1.854   0.000 02O000M000 t
00071 GLU02A0035_004 f 0.00  0.000     0  0.00  0  0   1.629  -6.500   0.573  -0.131   1.245   0.000 02O000M000 t
00072 GLU-1A0035_005 f 0.00 -1.000     0  4.75  0 -1   1.573  -6.495   0.573  -2.858   4.324  -0.300 -1O000M000 t
00073 SER01A0036_001 f 0.00  0.000     0  0.00  0  0   0.000  -2.859   0.453  -1.783   1.978   0.000 01O000M000 t
00074 ASN01A0037_001 f 0.00  0.000     0  0.00  0  0   0.441   1.915   1.858   0.042   0.542   0.000 01O000M000 t
00075 PHE01A0038_001 f 0.00  0.000     0  0.00  0  0   5.515  -6.499   0.018   0.000   0.000   0.000 01O000M000 t
00076 ASN01A0039_001 f 0.00  0.000     0  0.00  0  0   0.241  -2.906   0.272  -1.594   1.017   0.000 01O000M000 t
00077 ASN01A0039_002 f 0.00  0.000     0  0.00  0  0   0.043  -0.695   0.267   2.025   0.816   0.000 01R001M000 t
00078 THR01A0040_001 f 0.00  0.000     0  0.00  0  0   0.284  -4.206   0.418   0.091   1.925   0.000 01O000M000 t
00079 THR01A0040_002 f 0.00  0.000     0  0.00  0  0   0.284  -4.206   0.418   0.260   1.949   0.000 01O000M000 t
00080 THR01A0040_003 f 0.00  0.000     0  0.00  0  0   0.284  -4.206   0.043  -0.852   1.937   0.000 01O000M000 t
00081 GLN01A0041_001 f 0.00  0.000     0  0.00  0  0   0.371  -0.382   1.657  -0.074   0.315   0.000 01O000M000 t
00082 GLN01A0041_002 f 0.00  0.000     0  0.00  0  0   0.307  -0.357   1.540   0.116  -0.109   0.000 01R001M000 t
00083 ALA01A0042_001 f 0.00  0.000     0  0.00  0  0   0.000  -2.218   0.000   0.000   0.000   0.000 01O000M000 t
00084 THR01A0043_001 f 0.00  0.000     0  0.00  0  0   0.231  -1.854   0.376  -0.462   0.039   0.000 01O000M000 t
00085 THR01A0043_002 f 0.00  0.000     0  0.00  0  0   0.581  -1.964   0.399  -0.227   1.583   0.000 01O001M000 t
00086 THR01A0043_003 f 0.00  0.000     0  0.00  0  0   0.231  -1.854   0.001  -0.394   0.940   0.000 01O000M000 t
00087 ASN01A0044_001 f 0.00  0.000     0  0.00  0  0   0.768  -2.566   0.609   0.268   0.740   0.000 01O000M000 t
00088 ASN01A0044_002 f 0.00  0.000     0  0.00  0  0   0.416  -2.066   0.877   0.188   0.394   0.000 01R001M000 t
00089 ARG01A0045_001 f 0.00  0.000     0  0.00  0  0   1.023  -1.272   0.901  -0.097   0.999   0.000 01O000M000 t
00090 ARG02A0045_002 f 0.00  0.000     0  0.00  0  0   1.009  -1.271   0.901  -0.033   1.930   0.000 02O000M000 t
00091 ARG03A0045_003 f 0.00  0.000     0  0.00  0  0   1.005  -1.274   0.901  -0.085   1.436   0.000 03O000M000 t
00092 ARG+1A0045_004 f 0.00  1.000     0 12.50  0  1   0.961  -1.277   0.901   0.163   0.770   0.000 +1O000M000 t
00093 ASN01A0046_001 f 0.00  0.000     0  0.00  0  0   0.453  -4.048   0.766   0.828   1.711   0.000 01O000M000 t
00094 ASN01A0046_002 f 0.00  0.000     0  0.00  0  0   0.313  -3.436   0.852  -0.120   0.893   0.000 01R001M000 t
00095 THR01A0047_001 f 0.00  0.000     0  0.00  0  0   0.139   0.766   0.446   0.038   0.006   0.000 01O000M000 t
00096 THR01A0047_002 f 0.00  0.000     0  0.00  0  0   0.139   0.766   0.071  -0.740  -0.131   0.000 01O000M000 t
00097 ASP01A0048_001 f 0.00  0.000     0  0.00  0  0   0.072   0.899   2.912   3.233   1.270   0.000 01O000M000 t
00098 ASP01A0048_002 f 0.00  0.000     0  0.00  0  0   0.072   0.899   0.192   0.130   1.376   0.000 01O000M000 t
00099 ASP02A0048_003 f 0.00  0.000     0  0.00  0  0   0.142  -0.218   2.912  -2.092   0.791   0.000 02O000M000 t
00100 ASP02A0048_004 f 0.00  0.000     0  0.00  0  0   0.142  -0.218   0.192  -1.851   2.014   0.000 02O000M000 t
00101 ASP-1A0048_005 f 0.00 -1.000     0  4.75  0 -1   0.068  -0.155   0.192  -5.435   5.199  -0.850 -1O000M000 t
00102 SER01A0050_001 f 0.00  0.000     0  0.00  0  0   0.000  -1.674   0.735  -0.200   1.594   0.000 01O000M000 t
00103 SER01A0050_002 f 0.00  0.000     0  0.00  0  0   0.000  -2.233   0.554   0.508   1.943   0.000 01O001M000 t
00104 SER01A0050_003 f 0.00  0.000     0  0.00  0  0   0.000  -1.674   0.735   0.139   1.653   0.000 01O000M000 t
00105 SER01A0050_004 f 0.00  0.000     0  0.00  0  0   0.000  -1.674   0.360  -1.417   0.754   0.000 01O000M000 t
00106 SER01A0050_005 f 0.00  0.000     0  0.00  0  0   0.000  -2.233   0.554   0.394   1.917   0.000 01O001M000 t
00107 SER01A0050_006 f 0.00  0.000     0  0.00  0  0   0.000  -2.233   0.179  -0.690   1.836   0.000 01O001M000 t
00108 THR01A0051_001 f 0.00  0.000     0  0.00  0  0   0.310  -3.381   0.376  -0.471   1.441   0.000 01O000M000 t
00109 THR01A0051_002 f 0.00  0.000     0  0.00  0  0   0.310  -3.381   0.376  -0.140   1.450   0.000 01O000M000 t
00110 THR01A0051_003 f 0.00  0.000     0  0.00  0  0   0.310  -3.381   0.001  -0.464   1.619   0.000 01O000M000 t
00111 ASP01A0052_001 f 0.00  0.000     0  0.00  0  0   0.472  -4.433   3.269   1.048   1.546   0.000 01O000M000 t
00112 ASP01A0052_002 f 0.00  0.000     0  0.00  0  0   0.472  -4.433   0.549   0.226   0.986   0.000 01O000M000 t
00113 ASP02A0052_003 f 0.00  0.000     0  0.00  0  0   0.618  -4.650   3.269   0.073   1.256   0.000 02O000M000 t
00114 ASP02A0052_004 f 0.00  0.000     0  0.00  0  0   0.618  -4.650   0.549  -0.053   1.458   0.000 02O000M000 t
00115 ASP-1A0052_005 f 0.00 -1.000     0  4.75  0 -1   0.450  -4.561   0.549  -1.781   4.065  -0.850 -1O000M000 t
00116 TYR01A0053_001 f 0.00  0.000     0  0.00  0  0   5.083  -9.356   0.097  -0.389   1.822   0.000 01O000M000 t
00117 TYR01A0053_002 f 0.00  0.000     0  0.00  0  0   5.083  -9.356   0.097   0.551   1.996   0.000 01O000M000 t
00118 TYR-1A0053_003 f 0.00 -1.000     0 10.20  0 -1   5.083  -9.356   0.097  -1.773   8.071  -0.500 -1O000M000 t
00119 ILE01A0055_001 f 0.00  0.000     0  0.00  0  0   1.667  -5.066   1.250   0.000   0.000   0.000 01O000M000 t
00120 LEU01A0056_001 f 0.00  0.000     0  0.00  0  0   1.838  -2.841   0.876   0.000   0.000   0.000 01O000M000 t
00121 GLN01A0057_001 f 0.00  0.000     0  0.00  0  0   0.742  -6.766   1.671  -1.749   2.357   0.000 01O000M000 t
00122 GLN01A0057_002 f 0.00  0.000     0  0.00  0  0   0.698  -7.385   1.698   1.002   2.357   0.000 01R001M000 t
00123 ILE01A0058_001 f 0.00  0.000     0  0.00  0  0   1.818  -3.840   0.628   0.000   0.000   0.000 01O000M000 t
00124 ASN01A0059_001 f 0.00  0.000     0  0.00  0  0   0.431  -4.504   1.213  -0.997   1.538   0.000 01O000M000 t
00125 ASN01A0059_002 f 0.00  0.000     0  0.00  0  0   0.418  -3.733   1.215   0.637   1.595   0.000 01R001M000 t
00126 SER01A0060_001 f 0.00  0.000     0  0.00  0  0   0.000  -2.045   0.418   1.993   1.976   0.000 01O000M000 t
00127 SER01A0060_002 f 0.00  0.000     0  0.00  0  0   0.000  -2.045   0.418  -0.579   1.982   0.000 01O000M000 t
00128 SER01A0060_003 f 0.00  0.000     0  0.00  0  0   0.000  -2.045   0.043  -1.006   1.970   0.000 01O000M000 t
00129 ARG01A0061_001 f 0.00  0.000     0  0.00  0  0   1.492  -5.055   0.583  -0.475   1.661   0.000 01O000M000 t
00130 ARG02A0061_002 f 0.00  0.000     0  0.00  0  0   1.440  -5.031   0.583  -0.225   2.733   0.000 02O000M000 t
00131 ARG03A0061_003 f 0.00  0.000     0  0.00  0  0   1.434  -4.986   0.583   0.064   2.363   0.000 03O000M000 t
00132 ARG03A0061_004 f 0.00  0.000     0  0.00  0  0   1.441  -5.041   0.583  -0.658   2.584   0.000 03O000M000 t
00133 ARG+1A0061_005 f 0.00  1.000     0 12.50  0  1   1.395  -5.069   0.583   0.580   2.197   0.000 +1O000M000 t
00134 TRP01A0062_001 f 0.00  0.000     0  0.00  0  0   2.749  -1.916   0.352   0.000   0.000   0.000 01O000M000 t
00135 TRP01A0063_001 f 0.00  0.000     0  0.00  0  0   3.119  -9.478   0.018   0.000   0.000   0.000 01O000M000 t
00136 CYD01A0064_001 f 0.00  0.000     0  0.00  0  0   0.000  -4.697   0.000   0.000   0.000   0.000 01O000M000 t
00137 ASN01A0065_001 f 0.00  0.000     0  0.00  0  0   0.459  -2.387   0.329  -1.181   0.701   0.000 01O000M000 t
00138 ASN01A0065_002 f 0.00  0.000     0  0.00  0  0   0.187  -0.949   0.292   1.560   0.716   0.000 01R001M000 t
00139 ASP01A0066_001 f 0.00  0.000     0  0.00  0  0   0.174  -2.203   2.882   2.921   2.688   0.000 01O000M000 t
00140 ASP01A0066_002 f 0.00  0.000     0  0.00  0  0   0.174  -2.203   0.162  -0.045   2.884   0.000 01O000M000 t
00141 ASP02A0066_003 f 0.00  0.000     0  0.00  0  0   0.275  -2.960   2.882  -2.184   2.777   0.000 02O000M000 t
00142 ASP02A0066_004 f 0.00  0.000     0  0.00  0  0   0.275  -2.960   0.162  -1.612   3.052   0.000 02O000M000 t
00143 ASP-1A0066_005 f 0.00 -1.000     0  4.75  0 -1   0.169  -2.850   0.162  -8.582  13.031  -0.850 -1O000M000 t
00144 ARG01A0068_001 f 0.00  0.000     0  0.00  0  0   0.362  -2.450   1.174  -0.148   1.534   0.000 01O000M000 t
00145 ARG02A0068_002 f 0.00  0.000     0  0.00  0  0   0.320  -2.465   1.174  -0.154   2.332   0.000 02O000M000 t
00146 ARG02A0068_003 f 0.00  0.000     0  0.00  0  0   0.362  -2.466   1.174  -0.092   1.748   0.000 02O000M000 t
00147 ARG03A0068_004 f 0.00  0.000     0  0.00  0  0   0.318  -2.464   1.174  -0.294   2.420   0.000 03O000M000 t
00148 ARG03A0068_005 f 0.00  0.000     0  0.00  0  0   0.326  -2.459   1.174  -0.225   2.291   0.000 03O000M000 t
00149 ARG+1A0068_006 f 0.00  1.000     0 12.50  0  1   0.277  -2.472   1.174   0.184   1.713   0.000 +1O000M000 t
00150 THR01A0069_001 f 0.00  0.000     0  0.00  0  0   0.294  -4.165   0.388  -1.299   1.928   0.000 01O000M000 t
00151 THR01A0069_002 f 0.00  0.000     0  0.00  0  0   0.294  -4.165   0.388   0.552   1.963   0.000 01O000M000 t
00152 THR01A0069_003 f 0.00  0.000     0  0.00  0  0   0.294  -4.165   0.013   0.362   1.964   0.000 01O000M000 t
00153 PRO01A0070_001 f 0.00  0.000     0  0.00  0  0   0.227  -1.373   0.000   0.000   0.000   0.000 01O000M000 t
00154 SER01A0072_001 f 0.00  0.000     0  0.00  0  0   0.000  -2.912   0.455   0.037   1.006   0.000 01O000M000 t
00155 SER01A0072_002 f 0.00  0.000     0  0.00  0  0   0.000  -2.912   0.455  -0.012   1.558   0.000 01O000M000 t
00156 ARG01A0073_001 f 0.00  0.000     0  0.00  0  0   1.893  -3.359   0.864   0.097   0.650   0.000 01O000M000 t
00157 ARG02A0073_002 f 0.00  0.000     0  0.00  0  0   1.912  -3.375   0.864  -0.006   1.510   0.000 02O000M000 t
00158 ARG03A0073_003 f 0.00  0.000     0  0.00  0  0   1.846  -3.377   0.864  -0.024   1.333   0.000 03O000M000 t
00159 ARG+1A0073_004 f 0.00  1.000     0 12.50  0  1   1.806  -3.378   0.864  -0.101   1.044   0.000 +1O000M000 t
00160 ASN01A0074_001 f 0.00  0.000     0  0.00  0  0   0.203  -4.273   0.552  -2.355   2.221   0.000 01O000M000 t
00161 ASN01A0074_002 f 0.00  0.000     0  0.00  0  0   0.026  -1.850   0.547   3.249   1.978   0.000 01R001M000 t
00162 LEU01A0075_001 f 0.00  0.000     0  0.00  0  0   1.504  -2.014   0.407   0.000   0.000   0.000 01O000M000 t
00163 CYD01A0076_001 f 0.00  0.000     0  0.00  0  0   0.000  -1.267   0.000   0.000   0.000   0.000 01O000M000 t
00164 ASN01A0077_001 f 0.00  0.000     0  0.00  0  0   0.329   2.130   0.789  -0.012   0.069   0.000 01O000M000 t
00165 ASN01A0077_002 f 0.00  0.000     0  0.00  0  0   0.106   3.456   0.810   0.507   0.014   0.000 01R001M000 t
00166 ILE01A0078_001 f 0.00  0.000     0  0.00  0  0   2.424  -2.693   0.582   0.000   0.000   0.000 01O000M000 t
00167 PRO01A0079_001 f 0.00  0.000     0  0.00  0  0   0.178  -1.832   0.000   0.000   0.000   0.000 01O000M000 t
00168 CYD01A0080_001 f 0.00  0.000     0  0.00  0  0   0.000  -3.826   0.000   0.000   0.000   0.000 01O000M000 t
00169 SER01A0081_001 f 0.00  0.000     0  0.00  0  0   0.000  -0.742   0.384   0.246   0.697   0.000 01O000M000 t
00170 SER01A0081_002 f 0.00  0.000     0  0.00  0  0   0.000  -0.742   0.009  -1.121   0.018   0.000 01O000M000 t
00171 ALA01A0082_001 f 0.00  0.000     0  0.00  0  0   0.000  -1.087   0.000   0.000   0.000   0.000 01O000M000 t
00172 LEU01A0083_001 f 0.00  0.000     0  0.00  0  0   1.902  -5.172   0.425   0.000   0.000   0.000 01O000M000 t
00173 LEU01A0084_001 f 0.00  0.000     0  0.00  0  0   1.766  -6.023   0.408   0.000   0.000   0.000 01O000M000 t
00174 SER01A0085_001 f 0.00  0.000     0  0.00  0  0   0.000   0.640   0.377  -0.163   1.640   0.000 01O000M000 t
00175 SER01A0085_002 f 0.00  0.000     0  0.00  0  0   0.000   0.640   0.377  -2.723   1.617   0.000 01O000M000 t
00176 SER01A0085_003 f 0.00  0.000     0  0.00  0  0   0.000  -1.659   0.973  -0.501   0.033   0.000 01O001M000 t
00177 SER01A0086_001 f 0.00  0.000     0  0.00  0  0   0.000  -0.492   0.551  -0.222   1.139   0.000 01O000M000 t
00178 SER01A0086_002 f 0.00  0.000     0  0.00  0  0   0.000  -0.482   0.416   0.044   0.020   0.000 01O001M000 t
00179 SER01A0086_003 f 0.00  0.000     0  0.00  0  0   0.000  -0.492   0.551  -0.077   0.344   0.000 01O000M000 t
00180 ASP01A0087_001 f 0.00  0.000     0  0.00  0  0   0.818  -2.374   3.569   1.016   0.037   0.000 01O000M000 t
00181 ASP01A0087_002 f 0.00  0.000     0  0.00  0  0   0.818  -2.374   0.849   0.776   1.155   0.000 01O000M000 t
00182 ASP02A0087_003 f 0.00  0.000     0  0.00  0  0   1.074  -2.568   3.569   0.052  -0.078   0.000 02O000M000 t
00183 ASP02A0087_004 f 0.00  0.000     0  0.00  0  0   1.074  -2.568   0.849   0.153   1.162   0.000 02O000M000 t
00184 ASP-1A0087_005 f 0.00 -1.000     0  4.75  0 -1   0.799  -2.496   0.849  -2.424   1.810  -0.850 -1O000M000 t
00185 ILE01A0088_001 f 0.00  0.000     0  0.00  0  0   1.604  -1.822   0.570   0.000   0.000   0.000 01O000M000 t
00186 THR01A0089_001 f 0.00  0.000     0  0.00  0  0   0.316   0.275   0.476  -0.416   1.128   0.000 01O000M000 t
00187 THR01A0089_002 f 0.00  0.000     0  0.00  0  0   0.316   0.275   0.476   0.610   1.167   0.000 01O000M000 t
00188 THR01A0089_003 f 0.00  0.000     0  0.00  0  0   0.316   0.275   0.101  -0.921   0.574   0.000 01O000M000 t
00189 THR01A0089_004 f 0.00  0.000     0  0.00  0  0   0.804   3.448   1.905  -0.030   0.716   0.000 01O001M000 t
00190 ALA01A0090_001 f 0.00  0.000     0  0.00  0  0   0.000  -1.321   0.000   0.000   0.000   0.000 01O000M000 t
00191 SER01A0091_001 f 0.00  0.000     0  0.00  0  0   0.000  -3.108   0.584  -0.199   1.973   0.000 01O000M000 t
00192 SER01A0091_002 f 0.00  0.000     0  0.00  0  0   0.000  -3.108   0.584  -0.303   1.971   0.000 01O000M000 t
00193 VAL01A0092_001 f 0.00  0.000     0  0.00  0  0   0.602  -1.281   0.275   0.000   0.000   0.000 01O000M000 t
00194 ASN01A0093_001 f 0.00  0.000     0  0.00  0  0   0.262  -2.592   0.472   0.216   0.585   0.000 01O000M000 t
00195 ASN01A0093_002 f 0.00  0.000     0  0.00  0  0   0.070  -1.382   0.488   0.336   0.682   0.000 01R001M000 t
00196 CYD01A0094_001 f 0.00  0.000     0  0.00  0  0   0.000  -3.681   0.000   0.000   0.000   0.000 01O000M000 t
00197 ALA01A0095_001 f 0.00  0.000     0  0.00  0  0   0.000  -1.626   0.000   0.000   0.000   0.000 01O000M000 t
00198 LYS01A0096_001 f 0.00  0.000     0  0.00  0  0   0.938  -4.161   1.150   0.128   0.249   0.000 01O000M000 t
00199 LYS+1A0096_002 f 0.00  1.000     0 10.40  0  1   0.888  -4.137   1.150  -1.948   1.969   0.400 +1O000M000 t
00200 LYS01A0097_001 f 0.00  0.000     0  0.00  0  0   1.002  -3.876   1.377   0.015  -0.050   0.000 01O000M000 t
00201 LYS+1A0097_002 f 0.00  1.000     0 10.40  0  1   0.956  -3.884   1.377  -0.349   0.050   0.400 +1O000M000 t
00202 ILE01A0098_001 f 0.00  0.000     0  0.00  0  0   1.555  -2.781   0.561   0.000   0.000   0.000 01O000M000 t
00203 VAL01A0099_001 f 0.00  0.000     0  0.00  0  0   0.449   1.064   0.076   0.000   0.000   0.000 01O000M000 t
00204 SER01A0100_001 f 0.00  0.000     0  0.00  0  0   0.000  -1.842   0.552   0.042   0.418   0.000 01O000M000 t
00205 SER01A0100_002 f 0.00  0.000     0  0.00  0  0   0.000  -1.842   0.552  -1.138   1.380   0.000 01O000M000 t
00206 SER01A0100_003 f 0.00  0.000     0  0.00  0  0   0.000  -1.842   0.177  -0.076   0.286   0.000 01O000M000 t
00207 ASP01A0101_001 f 0.00  0.000     0  0.00  0  0   0.095   2.862   4.091   0.347   0.329   0.000 01O000M000 t
00208 ASP01A0101_002 f 0.00  0.000     0  0.00  0  0   0.095   2.862   1.371   0.087   0.886   0.000 01O000M000 t
00209 ASP02A0101_003 f 0.00  0.000     0  0.00  0  0   0.173   1.847   4.091   0.139   1.134   0.000 02O000M000 t
00210 ASP02A0101_004 f 0.00  0.000     0  0.00  0  0   0.173   1.847   1.371   0.055   0.979   0.000 02O000M000 t
00211 ASP-1A0101_005 f 0.00 -1.000     0  4.75  0 -1   0.091   1.912   1.371   0.219   2.343  -0.850 -1O000M000 t
00212 ASN01A0103_001 f 0.00  0.000     0  0.00  0  0   0.394  -2.438   1.064  -1.003   1.074   0.000 01O000M000 t
00213 ASN01A0103_002 f 0.00  0.000     0  0.00  0  0   0.430  -2.282   1.004   0.635   0.988   0.000 01R001M000 t
00214 MET01A0105_001 f 0.00  0.000     0  0.00  0  0   0.404  -3.587   1.107   0.052   0.097   0.000 01O000M000 t
00215 ASN01A0106_001 f 0.00  0.000     0  0.00  0  0   0.335  -1.564   0.915   0.350   1.054   0.000 01O000M000 t
00216 ASN01A0106_002 f 0.00  0.000     0  0.00  0  0   0.611  -1.798   1.081   0.232   0.870   0.000 01R001M000 t
00217 ALA01A0107_001 f 0.00  0.000     0  0.00  0  0   0.000  -1.246   0.000   0.000   0.000   0.000 01O000M000 t
00218 TRP01A0108_001 f 0.00  0.000     0  0.00  0  0   3.153  -9.032   0.337   0.000   0.000   0.000 01O000M000 t
00219 VAL01A0109_001 f 0.00  0.000     0  0.00  0  0   0.655   0.527   0.064   0.000   0.000   0.000 01O000M000 t
00220 VAL01A0109_002 f 0.00  0.000     0  0.00  0  0   0.684   0.661   0.007   0.000   0.000   0.000 01O001M000 t
00221 ALA01A0110_001 f 0.00  0.000     0  0.00  0  0   0.000  -2.154   0.000   0.000   0.000   0.000 01O000M000 t
00222 TRP01A0111_001 f 0.00  0.000     0  0.00  0  0   3.073 -12.189   0.000   0.000   0.000   0.000 01O000M000 t
00223 ARG01A0112_001 f 0.00  0.000     0  0.00  0  0   2.124  -5.353   2.396  -0.558   1.595   0.000 01O000M000 t
00224 ARG02A0112_002 f 0.00  0.000     0  0.00  0  0   2.054  -5.429   2.396  -0.933   2.424   0.000 02O000M000 t
00225 ARG03A0112_003 f 0.00  0.000     0  0.00  0  0   2.050  -5.413   2.396  -0.964   2.304   0.000 03O000M000 t
00226 ARG03A0112_004 f 0.00  0.000     0  0.00  0  0   2.056  -5.377   2.396   0.259   1.809   0.000 03O000M000 t
00227 ARG+1A0112_005 f 0.00  1.000     0 12.50  0  1   2.010  -5.436   2.396  -1.076   3.077   0.000 +1O000M000 t
00228 ASN01A0113_001 f 0.00  0.000     0  0.00  0  0   0.189  -2.902   0.449   0.187   0.306   0.000 01O000M000 t
00229 ASN01A0113_002 f 0.00  0.000     0  0.00  0  0   0.022  -2.412   0.461   0.246   0.180   0.000 01R001M000 t
00230 ARG01A0114_001 f 0.00  0.000     0  0.00  0  0   2.806  -1.608   0.769   0.038   0.490   0.000 01O000M000 t
00231 ARG02A0114_002 f 0.00  0.000     0  0.00  0  0   2.791  -1.619   0.769  -0.009   1.466   0.000 02O000M000 t
00232 ARG03A0114_003 f 0.00  0.000     0  0.00  0  0   2.734  -1.626   0.769  -0.011   1.494   0.000 03O000M000 t
00233 ARG+1A0114_004 f 0.00  1.000     0 12.50  0  1   2.695  -1.627   0.769  -0.096   0.360   0.000 +1O000M000 t
00234 CYD01A0115_001 f 0.00  0.000     0  0.00  0  0   0.000  -4.153   0.000   0.000   0.000   0.000 01O000M000 t
00235 LYS01A0116_001 f 0.00  0.000     0  0.00  0  0   2.123  -3.517   0.936  -0.051   0.208   0.000 01O000M000 t
00236 LYS+1A0116_002 f 0.00  1.000     0 10.40  0  1   2.072  -3.522   0.936   0.114   0.800   0.400 +1O000M000 t
00237 THR01A0118_001 f 0.00  0.000     0  0.00  0  0   0.174  -1.349   0.788  -2.108   1.541   0.000 01O000M000 t
00238 THR01A0118_002 f 0.00  0.000     0  0.00  0  0   0.174  -1.349   0.412  -0.523   1.046   0.000 01O000M000 t
00239 ASP01A0119_001 f 0.00  0.000     0  0.00  0  0   0.083   2.835   3.043   1.356   0.459   0.000 01O000M000 t
00240 ASP01A0119_002 f 0.00  0.000     0  0.00  0  0   0.083   2.835   0.323   0.345   1.095   0.000 01O000M000 t
00241 ASP02A0119_003 f 0.00  0.000     0  0.00  0  0   0.147   1.731   3.043  -0.783   0.110   0.000 02O000M000 t
00242 ASP02A0119_004 f 0.00  0.000     0  0.00  0  0   0.147   1.731   0.323  -0.590   1.601   0.000 02O000M000 t
00243 ASP-1A0119_005 f 0.00 -1.000     0  4.75  0 -1   0.074   1.796   0.323  -2.195   2.799  -0.850 -1O000M000 t
00244 VAL01A0120_001 f 0.00  0.000     0  0.00  0  0   0.539  -3.712   0.078   0.000   0.000   0.000 01O000M000 t
00245 GLN01A0121_001 f 0.00  0.000     0  0.00  0  0   0.959   0.970   1.159   0.064   0.080   0.000 01O000M000 t
00246 GLN01A0121_002 f 0.00  0.000     0  0.00  0  0   0.749   0.991   1.161   0.158  -0.226   0.000 01R001M000 t
00247 ALA01A0122_001 f 0.00  0.000     0  0.00  0  0   0.000  -0.991   0.000   0.000   0.000   0.000 01O000M000 t
00248 TRP01A0123_001 f 0.00  0.000     0  0.00  0  0   2.972  -8.090   0.246   0.000   0.000   0.000 01O000M000 t
00249 ILE01A0124_001 f 0.00  0.000     0  0.00  0  0   2.445  -2.796   0.516   0.000   0.000   0.000 01O000M000 t
00250 ARG01A0125_001 f 0.00  0.000     0  0.00  0  0   2.042  -4.804   0.797  -0.133   1.203   0.000 01O000M000 t
00251 ARG02A0125_002 f 0.00  0.000     0  0.00  0  0   2.042  -4.810   0.797  -0.012   1.888   0.000 02O000M000 t
00252 ARG03A0125_003 f 0.00  0.000     0  0.00  0  0   1.978  -4.792   0.797  -0.242   1.818   0.000 03O000M000 t
00253 ARG03A0125_004 f 0.00  0.000     0  0.00  0  0   1.986  -4.796   0.797  -0.186   1.748   0.000 03O000M000 t
00254 ARG+1A0125_005 f 0.00  1.000     0 12.50  0  1   1.938  -4.821   0.797   0.363   1.216   0.000 +1O000M000 t
00255 CYD01A0127_001 f 0.00  0.000     0  0.00  0  0   0.000  -3.388   0.000   0.000   0.000   0.000 01O000M000 t
00256 ARG01A0128_001 f 0.00  0.000     0  0.00  0  0   0.315   1.205   5.594   0.024   0.175   0.000 01O000M000 t
00257 ARG02A0128_002 f 0.00  0.000     0  0.00  0  0   0.411   1.203   5.594   0.026   0.697   0.000 02O000M000 t
00258 ARG03A0128_003 f 0.00  0.000     0  0.00  0  0   0.422   1.203   5.594   0.020   0.798   0.000 03O000M000 t
00259 ARG+1A0128_004 f 0.00  1.000     0 12.50  0  1   0.371   1.203   5.594   0.140  -0.702   0.000 +1O000M000 t
00260 LEU01A0129_001 f 0.00  0.000     0  0.00  0  0   1.640   1.390   1.829   0.000   0.000   0.000 01O000M000 t
00261 CTR01A0129_001 f 0.00  0.000     0  0.00  0  0  -0.025   0.973   2.720  -0.227   0.356   0.000 01O000M000 t
00262 CTR01A0129_002 f 0.00  0.000     0  0.00  0  0   0.152  -0.356   0.000  -0.078  -0.465   0.000 01O000M000 t
00263 CTR02A0129_003 f 0.00  0.000     0  0.00  0  0  -0.025  -0.141   2.720   0.038  -1.053   0.000 02O000M000 t
00264 CTR02A0129_004 f 0.00  0.000     0  0.00  0  0   0.167  -0.330   0.000  -0.028  -0.388   0.000 02O000M000 t
00265 CTR-1A0129_005 f 0.00 -1.000     0  3.75  0 -1   0.000  -0.276   0.000  -0.112   1.598   0.000 -1O000M000 t
00266 HOH01A1001_001 f 0.00  0.000     0  0.00  0  0   0.000  -0.906   0.000  -2.405   2.248   0.000 01O000M000 t
00267 HOH01A1001_002 f 0.00  0.000     0  0.00  0  0   0.000  -0.906   0.000   2.928   2.248   0.000 01O000M000 t
00268 HOH01A1001_003 f 0.00  0.000     0  0.00  0  0   0.000  -0.906   0.000   1.516   2.249   0.000 01O000M000 t
00269 HOHDMA1001_004 f 0.00  0.000     0  0.00  0  0   0.000   0.000   0.000   0.000   0.000   0.000         DM d
00270 HOH01A1002_001 f 0.00  0.000     0  0.00  0  0   0.000  -0.983   0.000  -0.408   1.646   0.000 01O000M000 t
00271 HOH01A1002_002 f 0.00  0.000     0  0.00  0  0   0.000  -0.983   0.000  -1.109   1.705   0.000 01O000M000 t
00272 HOH01A1002_003 f 0.00  0.000     0  0.00  0  0   0.000  -0.983   0.000   0.560   1.803   0.000 01O000M000 t
00273 HOH01A1002_004 f 0.00  0.000     0  0.00  0  0   0.000  -0.983   0.000   0.841   1.400   0.000 01O000M000 t
00274 HOH01A1002_005 f 0.00  0.000     0  0.00  0  0   0.000  -0.983   0.000  -0.716   1.699   0.000 01O000M000 t
00275 HOH01A1002_006 f 0.00  0.000     0  0.00  0  0   0.000  -0.983   0.000   0.604   1.777   0.000 01O000M000 t
00276 HOHDMA1002_007 f 0.00  0.000     0  0.00  0  0   0.000   0.000   0.000   0.000   0.000   0.000         DM d
00277 HOH01A1003_001 f 0.00  0.000     0  0.00  0  0   0.000   0.555   0.000  -1.830   2.045   0.000 01O000M000 t
00278 HOH01A1003_002 f 0.00  0.000     0  0.00  0  0   0.000   0.555   0.000  -0.557   1.936   0.000 01O000M000 t
00279 HOHDMA1003_003 f 0.00  0.000     0  0.00  0  0   0.000   0.000   0.000   0.000   0.000   0.000         DM d
00280 HOH01A1004_001 f 0.00  0.000     0  0.00  0  0   0.000   3.395   0.000  -0.335   2.250   0.000 01O000M000 t
00281 HOH01A1004_002 f 0.00  0.000     0  0.00  0  0   0.000   3.395   0.000  -1.655   2.246   0.000 01O000M000 t
00282 HOH01A1004_003 f 0.00  0.000     0  0.00  0  0   0.000   3.395   0.000  -4.330   2.245   0.000 01O000M000 t
00283 HOH01A1004_004 f 0.00  0.000     0  0.00  0  0   0.000   3.395   0.000   0.131   2.251   0.000 01O000M000 t
00284 HOHDMA1004_005 f 0.00  0.000     0  0.00  0  0   0.000   0.000   0.000   0.000   0.000   0.000         DM d
00285 HOH01A1007_001 f 0.00  0.000     0  0.00  0  0   0.000  -2.524   0.000   2.267   2.213   0.000 01O000M000 t
00286 HOH01A1007_002 f 0.00  0.000     0  0.00  0  0   0.000  -2.524   0.000   0.699   2.188   0.000 01O000M000 t
00287 HOH01A1007_003 f 0.00  0.000     0  0.00  0  0   0.000  -2.524   0.000  -1.149   2.196   0.000 01O000M000 t
00288 HOH01A1007_004 f 0.00  0.000     0  0.00  0  0   0.000  -2.524   0.000  -1.614   2.192   0.000 01O000M000 t
00289 HOHDMA1007_005 f 0.00  0.000     0  0.00  0  0   0.000   0.000   0.000   0.000   0.000   0.000         DM d
00290 HOH01A1008_001 f 0.00  0.000     0  0.00  0  0   0.000   0.791   0.000   2.856   2.234   0.000 01O000M000 t
00291 HOH01A1008_002 f 0.00  0.000     0  0.00  0  0   0.000   0.791   0.000  -1.216   2.230   0.000 01O000M000 t
00292 HOH01A1008_003 f 0.00  0.000     0  0.00  0  0   0.000   0.791   0.000  -2.343   2.225   0.000 01O000M000 t
00293 HOH01A1008_004 f 0.00  0.000     0  0.00  0  0   0.000   0.791   0.000   2.667   2.215   0.000 01O000M000 t
00294 HOHDMA1008_005 f 0.00  0.000     0  0.00  0  0   0.000   0.000   0.000   0.000   0.000   0.000         DM d
00295 HOH01A1015_001 f 0.00  0.000     0  0.00  0  0   0.000  -0.310   0.000   0.884   2.239   0.000 01O000M000 t
00296 HOH01A1015_002 f 0.00  0.000     0  0.00  0  0   0.000  -0.310   0.000   1.084   2.237   0.000 01O000M000 t
00297 HOH01A1015_003 f 0.00  0.000     0  0.00  0  0   0.000  -0.310   0.000  -0.123   2.233   0.000 01O000M000 t
00298 HOHDMA1015_004 f 0.00  0.000     0  0.00  0  0   0.000   0.000   0.000   0.000   0.000   0.000         DM d
00299 HOH01A1016_001 f 0.00  0.000     0  0.00  0  0   0.000  -0.651   0.000  -1.104   1.656   0.000 01O000M000 t
00300 HOH01A1016_002 f 0.00  0.000     0  0.00  0  0   0.000  -0.651   0.000  -0.086   1.454   0.000 01O000M000 t
00301 HOH01A1016_003 f 0.00  0.000     0  0.00  0  0   0.000  -0.651   0.000  -0.450   1.640   0.000 01O000M000 t
00302 HOH01A1016_004 f 0.00  0.000     0  0.00  0  0   0.000  -0.651   0.000   0.978   1.569   0.000 01O000M000 t
00303 HOHDMA1016_005 f 0.00  0.000     0  0.00  0  0   0.000   0.000   0.000   0.000   0.000   0.000         DM d
00304 HOH01A1073_001 f 0.00  0.000     0  0.00  0  0   0.000  -0.292   0.000   0.063   1.459   0.000 01O000M000 t
00305 HOH01A1073_002 f 0.00  0.000     0  0.00  0  0   0.000  -0.292   0.000  -0.027   1.408   0.000 01O000M000 t
00306 HOH01A1073_003 f 0.00  0.000     0  0.00  0  0   0.000  -0.292   0.000  -0.168   1.338   0.000 01O000M000 t
00307 HOH01A1073_004 f 0.00  0.000     0  0.00  0  0   0.000  -0.292   0.000   0.143   1.631   0.000 01O000M000 t
00308 HOH01A1073_005 f 0.00  0.000     0  0.00  0  0   0.000  -0.292   0.000  -0.125   1.519   0.000 01O000M000 t
00309 HOH01A1073_006 f 0.00  0.000     0  0.00  0  0   0.000  -0.292   0.000   0.009   1.454   0.000 01O000M000 t
00310 HOH01A1073_007 f 0.00  0.000     0  0.00  0  0   0.000  -0.292   0.000  -0.237   1.274   0.000 01O000M000 t
00311 HOH01A1073_008 f 0.00  0.000     0  0.00  0  0   0.000  -0.292   0.000   0.148   1.372   0.000 01O000M000 t
00312 HOH01A1073_009 f 0.00  0.000     0  0.00  0  0   0.000  -0.292   0.000  -0.110   1.550   0.000 01O000M000 t
00313 HOH01A1073_010 f 0.00  0.000     0  0.00  0  0   0.000  -0.292   0.000   0.263   1.515   0.000 01O000M000 t
00314 HOHDMA1073_011 f 0.00  0.000     0  0.00  0  0   0.000   0.000   0.000   0.000   0.000   0.000         DM d
