  pH           0     1     2     3     4     5     6     7     8     9    10    11    12    13    14
NTR+A0001_  1.00  1.00  1.00  1.00  1.00  0.95  0.62  0.15  0.02  0.00  0.00  0.00  0.00  0.00  0.00
LYS+A0001_  1.00  1.00  1.00  1.00  1.00  1.00  1.00  1.00  0.97  0.79  0.28  0.04  0.00  0.00  0.00
ARG+A0005_  1.00  1.00  1.00  1.00  1.00  1.00  1.00  1.00  1.00  1.00  1.00  0.96  0.82  0.39  0.09
GLU-A0007_ -0.00 -0.01 -0.07 -0.37 -0.84 -0.98 -1.00 -1.00 -1.00 -1.00 -1.00 -1.00 -1.00 -1.00 -1.00
LYS+A0013_  1.00  1.00  1.00  1.00  1.00  1.00  1.00  1.00  1.00  0.99  0.95  0.68  0.19  0.03  0.00
ARG+A0014_  1.00  1.00  1.00  1.00  1.00  1.00  1.00  1.00  1.00  1.00  1.00  0.99  0.94  0.67  0.19
HIS+A0015_  1.00  1.00  1.00  1.00  1.00  0.98  0.83  0.36  0.05  0.01  0.00  0.00  0.00  0.00  0.00
ASP-A0018_ -0.01 -0.10 -0.48 -0.88 -0.98 -1.00 -1.00 -1.00 -1.00 -1.00 -1.00 -1.00 -1.00 -1.00 -1.00
TYR-A0020_ -0.00 -0.00 -0.00 -0.00 -0.00 -0.00 -0.00 -0.00 -0.00 -0.00 -0.02 -0.04 -0.10 -0.31 -0.69
ARG+A0021_  1.00  1.00  1.00  1.00  1.00  1.00  1.00  1.00  1.00  1.00  1.00  0.99  0.92  0.59  0.21
TYR-A0023_ -0.00 -0.00 -0.00 -0.00 -0.00 -0.00 -0.00 -0.00 -0.01 -0.06 -0.32 -0.76 -0.96 -0.99 -1.00
LYS+A0033_  1.00  1.00  1.00  1.00  1.00  1.00  1.00  1.00  1.00  0.97  0.78  0.28  0.04  0.01  0.00
GLU-A0035_ -0.00 -0.00 -0.01 -0.03 -0.12 -0.46 -0.88 -0.99 -1.00 -1.00 -1.00 -1.00 -1.00 -1.00 -1.00
ARG+A0045_  1.00  1.00  1.00  1.00  1.00  1.00  1.00  1.00  1.00  1.00  1.00  0.98  0.88  0.48  0.15
ASP-A0048_ -0.03 -0.18 -0.65 -0.94 -0.99 -1.00 -1.00 -1.00 -1.00 -1.00 -1.00 -1.00 -1.00 -1.00 -1.00
ASP-A0052_ -0.00 -0.01 -0.07 -0.37 -0.82 -0.95 -0.99 -1.00 -1.00 -1.00 -1.00 -1.00 -1.00 -1.00 -1.00
TYR-A0053_ -0.00 -0.00 -0.00 -0.00 -0.00 -0.00 -0.00 -0.00 -0.00 -0.00 -0.00 -0.00 -0.00 -0.00 -0.00
ARG+A0061_  1.00  1.00  1.00  1.00  1.00  1.00  1.00  1.00  1.00  1.00  1.00  1.00  0.98  0.91  0.61
ASP-A0066_ -0.01 -0.07 -0.40 -0.84 -0.97 -1.00 -1.00 -1.00 -1.00 -1.00 -1.00 -1.00 -1.00 -1.00 -1.00
ARG+A0068_  1.00  1.00  1.00  1.00  1.00  1.00  1.00  1.00  1.00  1.00  1.00  1.00  0.97  0.82  0.42
ARG+A0073_  1.00  1.00  1.00  1.00  1.00  1.00  1.00  1.00  1.00  1.00  1.00  0.98  0.86  0.39  0.08
ASP-A0087_ -0.01 -0.07 -0.42 -0.87 -0.98 -1.00 -1.00 -1.00 -1.00 -1.00 -1.00 -1.00 -1.00 -1.00 -1.00
LYS+A0096_  1.00  1.00  1.00  1.00  1.00  1.00  1.00  1.00  1.00  0.96  0.76  0.33  0.08  0.02  0.01
LYS+A0097_  1.00  1.00  1.00  1.00  1.00  1.00  1.00  1.00  1.00  0.98  0.84  0.41  0.08  0.01  0.00
ASP-A0101_ -0.00 -0.00 -0.01 -0.10 -0.51 -0.91 -0.99 -1.00 -1.00 -1.00 -1.00 -1.00 -1.00 -1.00 -1.00
ARG+A0112_  1.00  1.00  1.00  1.00  1.00  1.00  1.00  1.00  1.00  1.00  1.00  0.98  0.88  0.47  0.11
ARG+A0114_  1.00  1.00  1.00  1.00  1.00  1.00  1.00  1.00  1.00  1.00  1.00  0.99  0.93  0.62  0.16
LYS+A0116_  1.00  1.00  1.00  1.00  1.00  1.00  1.00  1.00  0.97  0.75  0.27  0.05  0.01  0.00  0.00
ASP-A0119_ -0.00 -0.00 -0.03 -0.20 -0.70 -0.96 -1.00 -1.00 -1.00 -1.00 -1.00 -1.00 -1.00 -1.00 -1.00
ARG+A0125_  1.00  1.00  1.00  1.00  1.00  1.00  1.00  1.00  1.00  1.00  1.00  0.99  0.90  0.54  0.13
ARG+A0128_  1.00  1.00  1.00  1.00  1.00  1.00  1.00  1.00  1.00  1.00  1.00  0.99  0.93  0.62  0.16
CTR-A0129_ -0.00 -0.04 -0.29 -0.74 -0.96 -1.00 -1.00 -1.00 -1.00 -1.00 -1.00 -1.00 -1.00 -1.00 -1.00
----------
Net_Charge 18.94 18.52 16.58 13.67 11.13  9.69  8.59  7.51  7.00  6.39  4.53  1.84 -0.65 -4.74 -9.38
Protons    18.94 18.52 16.58 13.67 11.13  9.69  8.59  7.51  7.00  6.39  4.53  1.84 -0.65 -4.74 -9.38
Electrons   0.00  0.00  0.00  0.00  0.00  0.00  0.00  0.00  0.00  0.00  0.00  0.00  0.00  0.00  0.00
